[  349817ms] [WARNING] [Vue warn]: Unhandled error during execution of mounted hook 
  at <WorldBuilderView onVnodeUnmounted=fn<onVnodeUnmounted> ref=Ref< Proxy(Object) > > 
  at <RouterView> 
  at <AppLayout> 
  at <App> @ http://localhost:5173/@vite/client:509
[  349819ms] TypeError: loadWorldState is not a function
    at http://localhost:5173/src/views/WorldBuilderView.vue?t=1778753801976:15:4
    at http://localhost:5173/node_modules/.vite/deps/vue.runtime.esm-bundler-B9bMLlg-.js?v=c97c93aa:3799:87
    at callWithErrorHandling (http://localhost:5173/node_modules/.vite/deps/vue.runtime.esm-bundler-B9bMLlg-.js?v=c97c93aa:1890:17)
    at callWithAsyncErrorHandling (http://localhost:5173/node_modules/.vite/deps/vue.runtime.esm-bundler-B9bMLlg-.js?v=c97c93aa:1897:15)
    at hook.__weh.hook.__weh (http://localhost:5173/node_modules/.vite/deps/vue.runtime.esm-bundler-B9bMLlg-.js?v=c97c93aa:3788:16)
    at flushPostFlushCbs (http://localhost:5173/node_modules/.vite/deps/vue.runtime.esm-bundler-B9bMLlg-.js?v=c97c93aa:2022:25)
    at flushJobs (http://localhost:5173/node_modules/.vite/deps/vue.runtime.esm-bundler-B9bMLlg-.js?v=c97c93aa:2050:3)
[  736048ms] [ERROR] [vite] SyntaxError: The requested module '/src/api/client.ts?t=1778754188488' does not provide an export named 'getWriterOutput' @ http://localhost:5173/@vite/client:509
[  736049ms] [ERROR] [vite] Failed to reload /src/views/WriterView.vue. This could be due to syntax errors or importing non-existent modules. (see errors above) @ http://localhost:5173/@vite/client:509
[  736049ms] [ERROR] [vite] SyntaxError: The requested module '/src/api/client.ts?t=1778754188488' does not provide an export named 'createScene' @ http://localhost:5173/@vite/client:509
[  736049ms] [ERROR] [vite] Failed to reload /src/views/PlotView.vue. This could be due to syntax errors or importing non-existent modules. (see errors above) @ http://localhost:5173/@vite/client:509
[  736049ms] [ERROR] [vite] SyntaxError: The requested module '/src/api/client.ts?t=1778754188488' does not provide an export named 'createScene' @ http://localhost:5173/@vite/client:509
[  736050ms] [ERROR] [vite] Failed to reload /src/views/SceneView.vue. This could be due to syntax errors or importing non-existent modules. (see errors above) @ http://localhost:5173/@vite/client:509
[  736050ms] [ERROR] [vite] SyntaxError: The requested module '/src/api/client.ts?t=1778754188488' does not provide an export named 'createCharacter' @ http://localhost:5173/@vite/client:509
[  736050ms] [ERROR] [vite] Failed to reload /src/views/CharacterView.vue. This could be due to syntax errors or importing non-existent modules. (see errors above) @ http://localhost:5173/@vite/client:509
[  744450ms] [ERROR] [vite] SyntaxError: The requested module '/src/api/client.ts?t=1778754188488' does not provide an export named 'createScene' @ http://localhost:5173/@vite/client:509
[  744450ms] [ERROR] [vite] Failed to reload /src/views/SceneView.vue. This could be due to syntax errors or importing non-existent modules. (see errors above) @ http://localhost:5173/@vite/client:509
[  763710ms] [ERROR] [vite] SyntaxError: The requested module '/src/api/client.ts?t=1778754188488' does not provide an export named 'getWriterOutput' @ http://localhost:5173/@vite/client:509
[  763710ms] [ERROR] [vite] Failed to reload /src/views/WriterView.vue. This could be due to syntax errors or importing non-existent modules. (see errors above) @ http://localhost:5173/@vite/client:509
